<?xml version="1.0" encoding="UTF-8"?>
<!-- Generated by org.testng.reporters.JUnitReportReporter -->
<testsuite hostname="BRDTANDOORI" name="com.kdp.SeleniumJavaFramework.TestCases.PBI_102_Contact" tests="2" failures="0" timestamp="10 Apr 2018 10:24:38 GMT" time="44.793" errors="0">
  <testcase name="testContactFormSubmission" time="18.574" classname="com.kdp.SeleniumJavaFramework.TestCases.PBI_102_Contact"/>
  <testcase name="testValidationOnContactForm" time="26.219" classname="com.kdp.SeleniumJavaFramework.TestCases.PBI_102_Contact"/>
</testsuite> <!-- com.kdp.SeleniumJavaFramework.TestCases.PBI_102_Contact -->
