<?xml version="1.0" encoding="UTF-8"?>
<!-- Generated by org.testng.reporters.JUnitReportReporter -->
<testsuite hostname="LAPTOP-JO88T3FI" name="com.kdp.SeleniumJavaFramework.TestCases.PBI_103_AutoComplete" tests="1" failures="0" timestamp="13 Apr 2018 17:05:09 GMT" time="29.001" errors="0">
  <testcase name="testValidationOnHome" time="29.001" classname="com.kdp.SeleniumJavaFramework.TestCases.PBI_103_AutoComplete"/>
</testsuite> <!-- com.kdp.SeleniumJavaFramework.TestCases.PBI_103_AutoComplete -->
