<?xml version="1.0" encoding="UTF-8"?>
<!-- Generated by org.testng.reporters.JUnitReportReporter -->
<<<<<<< HEAD
<testsuite hostname="BRDTANDOORI" name="com.kdp.SeleniumJavaFramework.TestCases.PBI_102_Contact" tests="1" failures="0" timestamp="5 Apr 2018 12:45:09 GMT" time="20.151" errors="0">
  <testcase name="testValidationOnContactForm" time="20.151" classname="com.kdp.SeleniumJavaFramework.TestCases.PBI_102_Contact"/>
</testsuite> <!-- com.kdp.SeleniumJavaFramework.TestCases.PBI_102_Contact -->
=======
<testsuite hostname="LAPTOP-JO88T3FI" name="com.kdp.SeleniumJavaFramework.TestCases.PBI_102_Contact" tests="2" failures="0" timestamp="7 Apr 2018 07:37:07 GMT" time="37.185" errors="0">
  <testcase name="testValidationOnContactForm" time="20.213" classname="com.kdp.SeleniumJavaFramework.TestCases.PBI_102_Contact"/>
  <testcase name="testContactFormSubmission" time="16.972" classname="com.kdp.SeleniumJavaFramework.TestCases.PBI_102_Contact"/>
</testsuite> <!-- com.kdp.SeleniumJavaFramework.TestCases.PBI_102_Contact -->
>>>>>>> refs/heads/master
