<?xml version="1.0" encoding="UTF-8"?>
<!-- Generated by org.testng.reporters.JUnitReportReporter -->
<testsuite hostname="BRDTANDOORI" name="com.kdp.SeleniumJavaFramework.TestCases.Trial" tests="1" failures="0" timestamp="13 Jul 2016 10:33:20 GMT" time="0.015" errors="0">
  <testcase name="testsheet" time="0.015" classname="com.kdp.SeleniumJavaFramework.TestCases.Trial"/>
</testsuite> <!-- com.kdp.SeleniumJavaFramework.TestCases.Trial -->
