<?xml version="1.0" encoding="UTF-8"?>
<!-- Generated by org.testng.reporters.JUnitReportReporter -->
<testsuite hostname="BRDTANDOORI" name="com.kdp.SeleniumJavaFramework.TestCases.HomeTest" tests="1" failures="0" timestamp="7 Jul 2016 13:10:53 GMT" time="53.661" errors="0">
  <testcase name="TestCompanylogo" time="53.661" classname="com.kdp.SeleniumJavaFramework.TestCases.HomeTest"/>
</testsuite> <!-- com.kdp.SeleniumJavaFramework.TestCases.HomeTest -->
