<?xml version="1.0" encoding="UTF-8"?>
<!-- Generated by org.testng.reporters.JUnitReportReporter -->
<testsuite hostname="BRDTANDOORI" name="com.kdp.SeleniumJavaFramework.TestCases.PBI_102_Contact" tests="1" failures="0" timestamp="5 Apr 2018 12:45:09 GMT" time="20.151" errors="0">
  <testcase name="testValidationOnContactForm" time="20.151" classname="com.kdp.SeleniumJavaFramework.TestCases.PBI_102_Contact"/>
</testsuite> <!-- com.kdp.SeleniumJavaFramework.TestCases.PBI_102_Contact -->
