<?xml version="1.0" encoding="UTF-8"?>
<!-- Generated by org.testng.reporters.JUnitReportReporter -->
<testsuite hostname="BRDTANDOORI" name="com.kdp.SeleniumJavaFramework.TestCases.Login" tests="1" failures="0" timestamp="7 Jul 2016 12:55:19 GMT" time="55.649" errors="0">
  <testcase name="TestLogin" time="55.649" classname="com.kdp.SeleniumJavaFramework.TestCases.Login"/>
</testsuite> <!-- com.kdp.SeleniumJavaFramework.TestCases.Login -->
